<?xml version="1.0" encoding="UTF-8"?>
<!-- Generated by org.testng.reporters.JUnitXMLReporter -->
<testsuite ignored="0" hostname="DESKTOP-8TDN02Q" failures="0" tests="5" name="Default test" time="8.308" errors="0" timestamp="2024-02-11T01:54:47 EET">
  <testcase classname="testproductapi.ProductAPITests" name="testGetAllProducts" time="4.261"/>
  <testcase classname="testproductapi.ProductAPITests" name="testGetProductsInvalidPage" time="0.966"/>
  <testcase classname="testproductapi.ProductAPITests" name="testGetProductsInvalidSize" time="1.041"/>
  <testcase classname="testproductapi.ProductAPITests" name="testGetProductsPage1WithSize10" time="1.082"/>
  <testcase classname="testproductapi.ProductAPITests" name="testGetProductsPage2WithSize3" time="0.902"/>
</testsuite> <!-- Default test -->
